[2014-12-17 17:41:31] production.ERROR: exception 'Symfony\Component\HttpKernel\Exception\NotFoundHttpException' in /home/dev/htdocs/renatas/vendor/laravel/framework/src/Illuminate/Routing/RouteCollection.php:148
Stack trace:
#0 /home/dev/htdocs/renatas/vendor/laravel/framework/src/Illuminate/Routing/Router.php(1049): Illuminate\Routing\RouteCollection->match(Object(Illuminate\Http\Request))
#1 /home/dev/htdocs/renatas/vendor/laravel/framework/src/Illuminate/Routing/Router.php(1017): Illuminate\Routing\Router->findRoute(Object(Illuminate\Http\Request))
#2 /home/dev/htdocs/renatas/vendor/laravel/framework/src/Illuminate/Routing/Router.php(996): Illuminate\Routing\Router->dispatchToRoute(Object(Illuminate\Http\Request))
#3 /home/dev/htdocs/renatas/vendor/laravel/framework/src/Illuminate/Foundation/Application.php(775): Illuminate\Routing\Router->dispatch(Object(Illuminate\Http\Request))
#4 /home/dev/htdocs/renatas/vendor/laravel/framework/src/Illuminate/Foundation/Application.php(745): Illuminate\Foundation\Application->dispatch(Object(Illuminate\Http\Request))
#5 /home/dev/htdocs/renatas/vendor/laravel/framework/src/Illuminate/Session/Middleware.php(72): Illuminate\Foundation\Application->handle(Object(Illuminate\Http\Request), 1, true)
#6 /home/dev/htdocs/renatas/vendor/laravel/framework/src/Illuminate/Cookie/Queue.php(47): Illuminate\Session\Middleware->handle(Object(Illuminate\Http\Request), 1, true)
#7 /home/dev/htdocs/renatas/vendor/laravel/framework/src/Illuminate/Cookie/Guard.php(51): Illuminate\Cookie\Queue->handle(Object(Illuminate\Http\Request), 1, true)
#8 /home/dev/htdocs/renatas/vendor/stack/builder/src/Stack/StackedHttpKernel.php(23): Illuminate\Cookie\Guard->handle(Object(Illuminate\Http\Request), 1, true)
#9 /home/dev/htdocs/renatas/vendor/laravel/framework/src/Illuminate/Foundation/Application.php(641): Stack\StackedHttpKernel->handle(Object(Illuminate\Http\Request))
#10 /home/dev/htdocs/renatas/public/index.php(49): Illuminate\Foundation\Application->run()
#11 {main} [] []
[2014-12-17 17:41:36] production.ERROR: exception 'PDOException' with message 'SQLSTATE[42S02]: Base table or view not found: 1146 Table 'renatas.search_logs' doesn't exist' in /home/dev/htdocs/renatas/vendor/laravel/framework/src/Illuminate/Database/Connection.php:299
Stack trace:
#0 /home/dev/htdocs/renatas/vendor/laravel/framework/src/Illuminate/Database/Connection.php(299): PDO->prepare('select `usernam...')
#1 /home/dev/htdocs/renatas/vendor/laravel/framework/src/Illuminate/Database/Connection.php(617): Illuminate\Database\Connection->Illuminate\Database\{closure}(Object(Illuminate\Database\MySqlConnection), 'select `usernam...', Array)
#2 /home/dev/htdocs/renatas/vendor/laravel/framework/src/Illuminate/Database/Connection.php(581): Illuminate\Database\Connection->runQueryCallback('select `usernam...', Array, Object(Closure))
#3 /home/dev/htdocs/renatas/vendor/laravel/framework/src/Illuminate/Database/Connection.php(304): Illuminate\Database\Connection->run('select `usernam...', Array, Object(Closure))
#4 /home/dev/htdocs/renatas/vendor/laravel/framework/src/Illuminate/Database/Query/Builder.php(1359): Illuminate\Database\Connection->select('select `usernam...', Array)
#5 /home/dev/htdocs/renatas/vendor/laravel/framework/src/Illuminate/Database/Query/Builder.php(1349): Illuminate\Database\Query\Builder->runSelect()
#6 /home/dev/htdocs/renatas/vendor/laravel/framework/src/Illuminate/Database/Query/Builder.php(1336): Illuminate\Database\Query\Builder->getFresh(Array)
#7 /home/dev/htdocs/renatas/vendor/laravel/framework/src/Illuminate/Database/Query/Builder.php(1485): Illuminate\Database\Query\Builder->get(Array)
#8 /home/dev/htdocs/renatas/vendor/laravel/framework/src/Illuminate/Database/Eloquent/Builder.php(210): Illuminate\Database\Query\Builder->lists('username', NULL)
#9 /home/dev/htdocs/renatas/app/controllers/InternalController.php(37): Illuminate\Database\Eloquent\Builder->lists('username')
#10 [internal function]: InternalController->autocomplete()
#11 /home/dev/htdocs/renatas/vendor/laravel/framework/src/Illuminate/Routing/Controller.php(231): call_user_func_array(Array, Array)
#12 /home/dev/htdocs/renatas/vendor/laravel/framework/src/Illuminate/Routing/ControllerDispatcher.php(93): Illuminate\Routing\Controller->callAction('autocomplete', Array)
#13 /home/dev/htdocs/renatas/vendor/laravel/framework/src/Illuminate/Routing/ControllerDispatcher.php(62): Illuminate\Routing\ControllerDispatcher->call(Object(InternalController), Object(Illuminate\Routing\Route), 'autocomplete')
#14 /home/dev/htdocs/renatas/vendor/laravel/framework/src/Illuminate/Routing/Router.php(962): Illuminate\Routing\ControllerDispatcher->dispatch(Object(Illuminate\Routing\Route), Object(Illuminate\Http\Request), 'InternalControl...', 'autocomplete')
#15 [internal function]: Illuminate\Routing\Router->Illuminate\Routing\{closure}()
#16 /home/dev/htdocs/renatas/vendor/laravel/framework/src/Illuminate/Routing/Route.php(109): call_user_func_array(Object(Closure), Array)
#17 /home/dev/htdocs/renatas/vendor/laravel/framework/src/Illuminate/Routing/Router.php(1028): Illuminate\Routing\Route->run(Object(Illuminate\Http\Request))
#18 /home/dev/htdocs/renatas/vendor/laravel/framework/src/Illuminate/Routing/Router.php(996): Illuminate\Routing\Router->dispatchToRoute(Object(Illuminate\Http\Request))
#19 /home/dev/htdocs/renatas/vendor/laravel/framework/src/Illuminate/Foundation/Application.php(775): Illuminate\Routing\Router->dispatch(Object(Illuminate\Http\Request))
#20 /home/dev/htdocs/renatas/vendor/laravel/framework/src/Illuminate/Foundation/Application.php(745): Illuminate\Foundation\Application->dispatch(Object(Illuminate\Http\Request))
#21 /home/dev/htdocs/renatas/vendor/laravel/framework/src/Illuminate/Session/Middleware.php(72): Illuminate\Foundation\Application->handle(Object(Illuminate\Http\Request), 1, true)
#22 /home/dev/htdocs/renatas/vendor/laravel/framework/src/Illuminate/Cookie/Queue.php(47): Illuminate\Session\Middleware->handle(Object(Illuminate\Http\Request), 1, true)
#23 /home/dev/htdocs/renatas/vendor/laravel/framework/src/Illuminate/Cookie/Guard.php(51): Illuminate\Cookie\Queue->handle(Object(Illuminate\Http\Request), 1, true)
#24 /home/dev/htdocs/renatas/vendor/stack/builder/src/Stack/StackedHttpKernel.php(23): Illuminate\Cookie\Guard->handle(Object(Illuminate\Http\Request), 1, true)
#25 /home/dev/htdocs/renatas/vendor/laravel/framework/src/Illuminate/Foundation/Application.php(641): Stack\StackedHttpKernel->handle(Object(Illuminate\Http\Request))
#26 /home/dev/htdocs/renatas/public/index.php(49): Illuminate\Foundation\Application->run()
#27 {main}

Next exception 'Illuminate\Database\QueryException' with message 'SQLSTATE[42S02]: Base table or view not found: 1146 Table 'renatas.search_logs' doesn't exist (SQL: select `username` from `search_logs` where `username` like d%)' in /home/dev/htdocs/renatas/vendor/laravel/framework/src/Illuminate/Database/Connection.php:625
Stack trace:
#0 /home/dev/htdocs/renatas/vendor/laravel/framework/src/Illuminate/Database/Connection.php(581): Illuminate\Database\Connection->runQueryCallback('select `usernam...', Array, Object(Closure))
#1 /home/dev/htdocs/renatas/vendor/laravel/framework/src/Illuminate/Database/Connection.php(304): Illuminate\Database\Connection->run('select `usernam...', Array, Object(Closure))
#2 /home/dev/htdocs/renatas/vendor/laravel/framework/src/Illuminate/Database/Query/Builder.php(1359): Illuminate\Database\Connection->select('select `usernam...', Array)
#3 /home/dev/htdocs/renatas/vendor/laravel/framework/src/Illuminate/Database/Query/Builder.php(1349): Illuminate\Database\Query\Builder->runSelect()
#4 /home/dev/htdocs/renatas/vendor/laravel/framework/src/Illuminate/Database/Query/Builder.php(1336): Illuminate\Database\Query\Builder->getFresh(Array)
#5 /home/dev/htdocs/renatas/vendor/laravel/framework/src/Illuminate/Database/Query/Builder.php(1485): Illuminate\Database\Query\Builder->get(Array)
#6 /home/dev/htdocs/renatas/vendor/laravel/framework/src/Illuminate/Database/Eloquent/Builder.php(210): Illuminate\Database\Query\Builder->lists('username', NULL)
#7 /home/dev/htdocs/renatas/app/controllers/InternalController.php(37): Illuminate\Database\Eloquent\Builder->lists('username')
#8 [internal function]: InternalController->autocomplete()
#9 /home/dev/htdocs/renatas/vendor/laravel/framework/src/Illuminate/Routing/Controller.php(231): call_user_func_array(Array, Array)
#10 /home/dev/htdocs/renatas/vendor/laravel/framework/src/Illuminate/Routing/ControllerDispatcher.php(93): Illuminate\Routing\Controller->callAction('autocomplete', Array)
#11 /home/dev/htdocs/renatas/vendor/laravel/framework/src/Illuminate/Routing/ControllerDispatcher.php(62): Illuminate\Routing\ControllerDispatcher->call(Object(InternalController), Object(Illuminate\Routing\Route), 'autocomplete')
#12 /home/dev/htdocs/renatas/vendor/laravel/framework/src/Illuminate/Routing/Router.php(962): Illuminate\Routing\ControllerDispatcher->dispatch(Object(Illuminate\Routing\Route), Object(Illuminate\Http\Request), 'InternalControl...', 'autocomplete')
#13 [internal function]: Illuminate\Routing\Router->Illuminate\Routing\{closure}()
#14 /home/dev/htdocs/renatas/vendor/laravel/framework/src/Illuminate/Routing/Route.php(109): call_user_func_array(Object(Closure), Array)
#15 /home/dev/htdocs/renatas/vendor/laravel/framework/src/Illuminate/Routing/Router.php(1028): Illuminate\Routing\Route->run(Object(Illuminate\Http\Request))
#16 /home/dev/htdocs/renatas/vendor/laravel/framework/src/Illuminate/Routing/Router.php(996): Illuminate\Routing\Router->dispatchToRoute(Object(Illuminate\Http\Request))
#17 /home/dev/htdocs/renatas/vendor/laravel/framework/src/Illuminate/Foundation/Application.php(775): Illuminate\Routing\Router->dispatch(Object(Illuminate\Http\Request))
#18 /home/dev/htdocs/renatas/vendor/laravel/framework/src/Illuminate/Foundation/Application.php(745): Illuminate\Foundation\Application->dispatch(Object(Illuminate\Http\Request))
#19 /home/dev/htdocs/renatas/vendor/laravel/framework/src/Illuminate/Session/Middleware.php(72): Illuminate\Foundation\Application->handle(Object(Illuminate\Http\Request), 1, true)
#20 /home/dev/htdocs/renatas/vendor/laravel/framework/src/Illuminate/Cookie/Queue.php(47): Illuminate\Session\Middleware->handle(Object(Illuminate\Http\Request), 1, true)
#21 /home/dev/htdocs/renatas/vendor/laravel/framework/src/Illuminate/Cookie/Guard.php(51): Illuminate\Cookie\Queue->handle(Object(Illuminate\Http\Request), 1, true)
#22 /home/dev/htdocs/renatas/vendor/stack/builder/src/Stack/StackedHttpKernel.php(23): Illuminate\Cookie\Guard->handle(Object(Illuminate\Http\Request), 1, true)
#23 /home/dev/htdocs/renatas/vendor/laravel/framework/src/Illuminate/Foundation/Application.php(641): Stack\StackedHttpKernel->handle(Object(Illuminate\Http\Request))
#24 /home/dev/htdocs/renatas/public/index.php(49): Illuminate\Foundation\Application->run()
#25 {main} [] []
[2014-12-17 17:42:07] production.ERROR: exception 'Symfony\Component\HttpKernel\Exception\NotFoundHttpException' in /home/dev/htdocs/renatas/vendor/laravel/framework/src/Illuminate/Routing/RouteCollection.php:148
Stack trace:
#0 /home/dev/htdocs/renatas/vendor/laravel/framework/src/Illuminate/Routing/Router.php(1049): Illuminate\Routing\RouteCollection->match(Object(Illuminate\Http\Request))
#1 /home/dev/htdocs/renatas/vendor/laravel/framework/src/Illuminate/Routing/Router.php(1017): Illuminate\Routing\Router->findRoute(Object(Illuminate\Http\Request))
#2 /home/dev/htdocs/renatas/vendor/laravel/framework/src/Illuminate/Routing/Router.php(996): Illuminate\Routing\Router->dispatchToRoute(Object(Illuminate\Http\Request))
#3 /home/dev/htdocs/renatas/vendor/laravel/framework/src/Illuminate/Foundation/Application.php(775): Illuminate\Routing\Router->dispatch(Object(Illuminate\Http\Request))
#4 /home/dev/htdocs/renatas/vendor/laravel/framework/src/Illuminate/Foundation/Application.php(745): Illuminate\Foundation\Application->dispatch(Object(Illuminate\Http\Request))
#5 /home/dev/htdocs/renatas/vendor/laravel/framework/src/Illuminate/Session/Middleware.php(72): Illuminate\Foundation\Application->handle(Object(Illuminate\Http\Request), 1, true)
#6 /home/dev/htdocs/renatas/vendor/laravel/framework/src/Illuminate/Cookie/Queue.php(47): Illuminate\Session\Middleware->handle(Object(Illuminate\Http\Request), 1, true)
#7 /home/dev/htdocs/renatas/vendor/laravel/framework/src/Illuminate/Cookie/Guard.php(51): Illuminate\Cookie\Queue->handle(Object(Illuminate\Http\Request), 1, true)
#8 /home/dev/htdocs/renatas/vendor/stack/builder/src/Stack/StackedHttpKernel.php(23): Illuminate\Cookie\Guard->handle(Object(Illuminate\Http\Request), 1, true)
#9 /home/dev/htdocs/renatas/vendor/laravel/framework/src/Illuminate/Foundation/Application.php(641): Stack\StackedHttpKernel->handle(Object(Illuminate\Http\Request))
#10 /home/dev/htdocs/renatas/public/index.php(49): Illuminate\Foundation\Application->run()
#11 {main} [] []
[2014-12-17 17:58:33] production.ERROR: exception 'Symfony\Component\HttpKernel\Exception\NotFoundHttpException' in /home/dev/htdocs/renatas/vendor/laravel/framework/src/Illuminate/Routing/RouteCollection.php:148
Stack trace:
#0 /home/dev/htdocs/renatas/vendor/laravel/framework/src/Illuminate/Routing/Router.php(1049): Illuminate\Routing\RouteCollection->match(Object(Illuminate\Http\Request))
#1 /home/dev/htdocs/renatas/vendor/laravel/framework/src/Illuminate/Routing/Router.php(1017): Illuminate\Routing\Router->findRoute(Object(Illuminate\Http\Request))
#2 /home/dev/htdocs/renatas/vendor/laravel/framework/src/Illuminate/Routing/Router.php(996): Illuminate\Routing\Router->dispatchToRoute(Object(Illuminate\Http\Request))
#3 /home/dev/htdocs/renatas/vendor/laravel/framework/src/Illuminate/Foundation/Application.php(775): Illuminate\Routing\Router->dispatch(Object(Illuminate\Http\Request))
#4 /home/dev/htdocs/renatas/vendor/laravel/framework/src/Illuminate/Foundation/Application.php(745): Illuminate\Foundation\Application->dispatch(Object(Illuminate\Http\Request))
#5 /home/dev/htdocs/renatas/vendor/laravel/framework/src/Illuminate/Session/Middleware.php(72): Illuminate\Foundation\Application->handle(Object(Illuminate\Http\Request), 1, true)
#6 /home/dev/htdocs/renatas/vendor/laravel/framework/src/Illuminate/Cookie/Queue.php(47): Illuminate\Session\Middleware->handle(Object(Illuminate\Http\Request), 1, true)
#7 /home/dev/htdocs/renatas/vendor/laravel/framework/src/Illuminate/Cookie/Guard.php(51): Illuminate\Cookie\Queue->handle(Object(Illuminate\Http\Request), 1, true)
#8 /home/dev/htdocs/renatas/vendor/stack/builder/src/Stack/StackedHttpKernel.php(23): Illuminate\Cookie\Guard->handle(Object(Illuminate\Http\Request), 1, true)
#9 /home/dev/htdocs/renatas/vendor/laravel/framework/src/Illuminate/Foundation/Application.php(641): Stack\StackedHttpKernel->handle(Object(Illuminate\Http\Request))
#10 /home/dev/htdocs/renatas/public/index.php(49): Illuminate\Foundation\Application->run()
#11 {main} [] []
[2014-12-17 17:58:58] production.ERROR: exception 'ErrorException' with message 'Missing argument 2 for Riot::getPlayerByName(), called in /home/dev/htdocs/renatas/app/libraries/Riot.php on line 5 and defined' in /home/dev/htdocs/renatas/app/libraries/Riot.php:13
Stack trace:
#0 /home/dev/htdocs/renatas/app/libraries/Riot.php(13): Illuminate\Exception\Handler->handleError(2, 'Missing argumen...', '/home/dev/htdoc...', 13, Array)
#1 /home/dev/htdocs/renatas/app/libraries/Riot.php(5): Riot->getPlayerByName('despicableK')
#2 /home/dev/htdocs/renatas/app/controllers/InternalController.php(24): Riot->__construct('despicableK', 'null')
#3 [internal function]: InternalController->getPlayer('despicableK', 'null')
#4 /home/dev/htdocs/renatas/vendor/laravel/framework/src/Illuminate/Routing/Controller.php(231): call_user_func_array(Array, Array)
#5 /home/dev/htdocs/renatas/vendor/laravel/framework/src/Illuminate/Routing/ControllerDispatcher.php(93): Illuminate\Routing\Controller->callAction('getPlayer', Array)
#6 /home/dev/htdocs/renatas/vendor/laravel/framework/src/Illuminate/Routing/ControllerDispatcher.php(62): Illuminate\Routing\ControllerDispatcher->call(Object(InternalController), Object(Illuminate\Routing\Route), 'getPlayer')
#7 /home/dev/htdocs/renatas/vendor/laravel/framework/src/Illuminate/Routing/Router.php(962): Illuminate\Routing\ControllerDispatcher->dispatch(Object(Illuminate\Routing\Route), Object(Illuminate\Http\Request), 'InternalControl...', 'getPlayer')
#8 [internal function]: Illuminate\Routing\Router->Illuminate\Routing\{closure}('despicableK', 'null')
#9 /home/dev/htdocs/renatas/vendor/laravel/framework/src/Illuminate/Routing/Route.php(109): call_user_func_array(Object(Closure), Array)
#10 /home/dev/htdocs/renatas/vendor/laravel/framework/src/Illuminate/Routing/Router.php(1028): Illuminate\Routing\Route->run(Object(Illuminate\Http\Request))
#11 /home/dev/htdocs/renatas/vendor/laravel/framework/src/Illuminate/Routing/Router.php(996): Illuminate\Routing\Router->dispatchToRoute(Object(Illuminate\Http\Request))
#12 /home/dev/htdocs/renatas/vendor/laravel/framework/src/Illuminate/Foundation/Application.php(775): Illuminate\Routing\Router->dispatch(Object(Illuminate\Http\Request))
#13 /home/dev/htdocs/renatas/vendor/laravel/framework/src/Illuminate/Foundation/Application.php(745): Illuminate\Foundation\Application->dispatch(Object(Illuminate\Http\Request))
#14 /home/dev/htdocs/renatas/vendor/laravel/framework/src/Illuminate/Session/Middleware.php(72): Illuminate\Foundation\Application->handle(Object(Illuminate\Http\Request), 1, true)
#15 /home/dev/htdocs/renatas/vendor/laravel/framework/src/Illuminate/Cookie/Queue.php(47): Illuminate\Session\Middleware->handle(Object(Illuminate\Http\Request), 1, true)
#16 /home/dev/htdocs/renatas/vendor/laravel/framework/src/Illuminate/Cookie/Guard.php(51): Illuminate\Cookie\Queue->handle(Object(Illuminate\Http\Request), 1, true)
#17 /home/dev/htdocs/renatas/vendor/stack/builder/src/Stack/StackedHttpKernel.php(23): Illuminate\Cookie\Guard->handle(Object(Illuminate\Http\Request), 1, true)
#18 /home/dev/htdocs/renatas/vendor/laravel/framework/src/Illuminate/Foundation/Application.php(641): Stack\StackedHttpKernel->handle(Object(Illuminate\Http\Request))
#19 /home/dev/htdocs/renatas/public/index.php(49): Illuminate\Foundation\Application->run()
#20 {main} [] []
[2014-12-17 17:59:57] production.ERROR: exception 'ErrorException' with message 'Missing argument 2 for Riot::getPlayerByName(), called in /home/dev/htdocs/renatas/app/libraries/Riot.php on line 5 and defined' in /home/dev/htdocs/renatas/app/libraries/Riot.php:13
Stack trace:
#0 /home/dev/htdocs/renatas/app/libraries/Riot.php(13): Illuminate\Exception\Handler->handleError(2, 'Missing argumen...', '/home/dev/htdoc...', 13, Array)
#1 /home/dev/htdocs/renatas/app/libraries/Riot.php(5): Riot->getPlayerByName('despicableK')
#2 /home/dev/htdocs/renatas/app/controllers/InternalController.php(24): Riot->__construct('despicableK', 'EUNE')
#3 [internal function]: InternalController->getPlayer('despicableK', 'EUNE')
#4 /home/dev/htdocs/renatas/vendor/laravel/framework/src/Illuminate/Routing/Controller.php(231): call_user_func_array(Array, Array)
#5 /home/dev/htdocs/renatas/vendor/laravel/framework/src/Illuminate/Routing/ControllerDispatcher.php(93): Illuminate\Routing\Controller->callAction('getPlayer', Array)
#6 /home/dev/htdocs/renatas/vendor/laravel/framework/src/Illuminate/Routing/ControllerDispatcher.php(62): Illuminate\Routing\ControllerDispatcher->call(Object(InternalController), Object(Illuminate\Routing\Route), 'getPlayer')
#7 /home/dev/htdocs/renatas/vendor/laravel/framework/src/Illuminate/Routing/Router.php(962): Illuminate\Routing\ControllerDispatcher->dispatch(Object(Illuminate\Routing\Route), Object(Illuminate\Http\Request), 'InternalControl...', 'getPlayer')
#8 [internal function]: Illuminate\Routing\Router->Illuminate\Routing\{closure}('despicableK', 'EUNE')
#9 /home/dev/htdocs/renatas/vendor/laravel/framework/src/Illuminate/Routing/Route.php(109): call_user_func_array(Object(Closure), Array)
#10 /home/dev/htdocs/renatas/vendor/laravel/framework/src/Illuminate/Routing/Router.php(1028): Illuminate\Routing\Route->run(Object(Illuminate\Http\Request))
#11 /home/dev/htdocs/renatas/vendor/laravel/framework/src/Illuminate/Routing/Router.php(996): Illuminate\Routing\Router->dispatchToRoute(Object(Illuminate\Http\Request))
#12 /home/dev/htdocs/renatas/vendor/laravel/framework/src/Illuminate/Foundation/Application.php(775): Illuminate\Routing\Router->dispatch(Object(Illuminate\Http\Request))
#13 /home/dev/htdocs/renatas/vendor/laravel/framework/src/Illuminate/Foundation/Application.php(745): Illuminate\Foundation\Application->dispatch(Object(Illuminate\Http\Request))
#14 /home/dev/htdocs/renatas/vendor/laravel/framework/src/Illuminate/Session/Middleware.php(72): Illuminate\Foundation\Application->handle(Object(Illuminate\Http\Request), 1, true)
#15 /home/dev/htdocs/renatas/vendor/laravel/framework/src/Illuminate/Cookie/Queue.php(47): Illuminate\Session\Middleware->handle(Object(Illuminate\Http\Request), 1, true)
#16 /home/dev/htdocs/renatas/vendor/laravel/framework/src/Illuminate/Cookie/Guard.php(51): Illuminate\Cookie\Queue->handle(Object(Illuminate\Http\Request), 1, true)
#17 /home/dev/htdocs/renatas/vendor/stack/builder/src/Stack/StackedHttpKernel.php(23): Illuminate\Cookie\Guard->handle(Object(Illuminate\Http\Request), 1, true)
#18 /home/dev/htdocs/renatas/vendor/laravel/framework/src/Illuminate/Foundation/Application.php(641): Stack\StackedHttpKernel->handle(Object(Illuminate\Http\Request))
#19 /home/dev/htdocs/renatas/public/index.php(49): Illuminate\Foundation\Application->run()
#20 {main} [] []
[2014-12-17 18:02:50] production.ERROR: exception 'Symfony\Component\Debug\Exception\FatalErrorException' with message 'syntax error, unexpected '$', expecting '&' or variable (T_VARIABLE)' in /home/dev/htdocs/renatas/app/libraries/Riot.php:9
Stack trace:
#0 [internal function]: Illuminate\Exception\Handler->handleShutdown()
#1 {main} [] []
[2014-12-17 18:23:54] production.ERROR: exception 'ErrorException' with message 'Undefined variable: name' in /home/dev/htdocs/renatas/app/storage/views/299636a1fa9958dc6ba40c6925fa49c2:8
Stack trace:
#0 /home/dev/htdocs/renatas/app/storage/views/299636a1fa9958dc6ba40c6925fa49c2(8): Illuminate\Exception\Handler->handleError(8, 'Undefined varia...', '/home/dev/htdoc...', 8, Array)
#1 /home/dev/htdocs/renatas/vendor/laravel/framework/src/Illuminate/View/Engines/PhpEngine.php(37): include('/home/dev/htdoc...')
#2 /home/dev/htdocs/renatas/vendor/laravel/framework/src/Illuminate/View/Engines/CompilerEngine.php(56): Illuminate\View\Engines\PhpEngine->evaluatePath('/home/dev/htdoc...', Array)
#3 /home/dev/htdocs/renatas/vendor/laravel/framework/src/Illuminate/View/View.php(134): Illuminate\View\Engines\CompilerEngine->get('/home/dev/htdoc...', Array)
#4 /home/dev/htdocs/renatas/vendor/laravel/framework/src/Illuminate/View/View.php(102): Illuminate\View\View->getContents()
#5 /home/dev/htdocs/renatas/vendor/laravel/framework/src/Illuminate/View/View.php(76): Illuminate\View\View->renderContents()
#6 /home/dev/htdocs/renatas/app/storage/views/c918afc25fac2eab446ec238e9a18c29(7): Illuminate\View\View->render()
#7 /home/dev/htdocs/renatas/vendor/laravel/framework/src/Illuminate/View/Engines/PhpEngine.php(37): include('/home/dev/htdoc...')
#8 /home/dev/htdocs/renatas/vendor/laravel/framework/src/Illuminate/View/Engines/CompilerEngine.php(56): Illuminate\View\Engines\PhpEngine->evaluatePath('/home/dev/htdoc...', Array)
#9 /home/dev/htdocs/renatas/vendor/laravel/framework/src/Illuminate/View/View.php(134): Illuminate\View\Engines\CompilerEngine->get('/home/dev/htdoc...', Array)
#10 /home/dev/htdocs/renatas/vendor/laravel/framework/src/Illuminate/View/View.php(102): Illuminate\View\View->getContents()
#11 /home/dev/htdocs/renatas/vendor/laravel/framework/src/Illuminate/View/View.php(76): Illuminate\View\View->renderContents()
#12 /home/dev/htdocs/renatas/vendor/laravel/framework/src/Illuminate/Http/Response.php(43): Illuminate\View\View->render()
#13 /home/dev/htdocs/renatas/vendor/symfony/http-foundation/Symfony/Component/HttpFoundation/Response.php(202): Illuminate\Http\Response->setContent(Object(Illuminate\View\View))
#14 /home/dev/htdocs/renatas/vendor/laravel/framework/src/Illuminate/Routing/Router.php(1496): Symfony\Component\HttpFoundation\Response->__construct(Object(Illuminate\View\View))
#15 /home/dev/htdocs/renatas/vendor/laravel/framework/src/Illuminate/Routing/Router.php(1031): Illuminate\Routing\Router->prepareResponse(Object(Illuminate\Http\Request), Object(Illuminate\View\View))
#16 /home/dev/htdocs/renatas/vendor/laravel/framework/src/Illuminate/Routing/Router.php(996): Illuminate\Routing\Router->dispatchToRoute(Object(Illuminate\Http\Request))
#17 /home/dev/htdocs/renatas/vendor/laravel/framework/src/Illuminate/Foundation/Application.php(775): Illuminate\Routing\Router->dispatch(Object(Illuminate\Http\Request))
#18 /home/dev/htdocs/renatas/vendor/laravel/framework/src/Illuminate/Foundation/Application.php(745): Illuminate\Foundation\Application->dispatch(Object(Illuminate\Http\Request))
#19 /home/dev/htdocs/renatas/vendor/laravel/framework/src/Illuminate/Session/Middleware.php(72): Illuminate\Foundation\Application->handle(Object(Illuminate\Http\Request), 1, true)
#20 /home/dev/htdocs/renatas/vendor/laravel/framework/src/Illuminate/Cookie/Queue.php(47): Illuminate\Session\Middleware->handle(Object(Illuminate\Http\Request), 1, true)
#21 /home/dev/htdocs/renatas/vendor/laravel/framework/src/Illuminate/Cookie/Guard.php(51): Illuminate\Cookie\Queue->handle(Object(Illuminate\Http\Request), 1, true)
#22 /home/dev/htdocs/renatas/vendor/stack/builder/src/Stack/StackedHttpKernel.php(23): Illuminate\Cookie\Guard->handle(Object(Illuminate\Http\Request), 1, true)
#23 /home/dev/htdocs/renatas/vendor/laravel/framework/src/Illuminate/Foundation/Application.php(641): Stack\StackedHttpKernel->handle(Object(Illuminate\Http\Request))
#24 /home/dev/htdocs/renatas/public/index.php(49): Illuminate\Foundation\Application->run()
#25 {main}

Next exception 'ErrorException' with message 'Undefined variable: name (View: /home/dev/htdocs/renatas/app/views/internal/_partials/stats.blade.php)' in /home/dev/htdocs/renatas/app/storage/views/299636a1fa9958dc6ba40c6925fa49c2:8
Stack trace:
#0 /home/dev/htdocs/renatas/vendor/laravel/framework/src/Illuminate/View/Engines/PhpEngine.php(41): Illuminate\View\Engines\CompilerEngine->handleViewException(Object(ErrorException), 1)
#1 /home/dev/htdocs/renatas/vendor/laravel/framework/src/Illuminate/View/Engines/CompilerEngine.php(56): Illuminate\View\Engines\PhpEngine->evaluatePath('/home/dev/htdoc...', Array)
#2 /home/dev/htdocs/renatas/vendor/laravel/framework/src/Illuminate/View/View.php(134): Illuminate\View\Engines\CompilerEngine->get('/home/dev/htdoc...', Array)
#3 /home/dev/htdocs/renatas/vendor/laravel/framework/src/Illuminate/View/View.php(102): Illuminate\View\View->getContents()
#4 /home/dev/htdocs/renatas/vendor/laravel/framework/src/Illuminate/View/View.php(76): Illuminate\View\View->renderContents()
#5 /home/dev/htdocs/renatas/app/storage/views/c918afc25fac2eab446ec238e9a18c29(7): Illuminate\View\View->render()
#6 /home/dev/htdocs/renatas/vendor/laravel/framework/src/Illuminate/View/Engines/PhpEngine.php(37): include('/home/dev/htdoc...')
#7 /home/dev/htdocs/renatas/vendor/laravel/framework/src/Illuminate/View/Engines/CompilerEngine.php(56): Illuminate\View\Engines\PhpEngine->evaluatePath('/home/dev/htdoc...', Array)
#8 /home/dev/htdocs/renatas/vendor/laravel/framework/src/Illuminate/View/View.php(134): Illuminate\View\Engines\CompilerEngine->get('/home/dev/htdoc...', Array)
#9 /home/dev/htdocs/renatas/vendor/laravel/framework/src/Illuminate/View/View.php(102): Illuminate\View\View->getContents()
#10 /home/dev/htdocs/renatas/vendor/laravel/framework/src/Illuminate/View/View.php(76): Illuminate\View\View->renderContents()
#11 /home/dev/htdocs/renatas/vendor/laravel/framework/src/Illuminate/Http/Response.php(43): Illuminate\View\View->render()
#12 /home/dev/htdocs/renatas/vendor/symfony/http-foundation/Symfony/Component/HttpFoundation/Response.php(202): Illuminate\Http\Response->setContent(Object(Illuminate\View\View))
#13 /home/dev/htdocs/renatas/vendor/laravel/framework/src/Illuminate/Routing/Router.php(1496): Symfony\Component\HttpFoundation\Response->__construct(Object(Illuminate\View\View))
#14 /home/dev/htdocs/renatas/vendor/laravel/framework/src/Illuminate/Routing/Router.php(1031): Illuminate\Routing\Router->prepareResponse(Object(Illuminate\Http\Request), Object(Illuminate\View\View))
#15 /home/dev/htdocs/renatas/vendor/laravel/framework/src/Illuminate/Routing/Router.php(996): Illuminate\Routing\Router->dispatchToRoute(Object(Illuminate\Http\Request))
#16 /home/dev/htdocs/renatas/vendor/laravel/framework/src/Illuminate/Foundation/Application.php(775): Illuminate\Routing\Router->dispatch(Object(Illuminate\Http\Request))
#17 /home/dev/htdocs/renatas/vendor/laravel/framework/src/Illuminate/Foundation/Application.php(745): Illuminate\Foundation\Application->dispatch(Object(Illuminate\Http\Request))
#18 /home/dev/htdocs/renatas/vendor/laravel/framework/src/Illuminate/Session/Middleware.php(72): Illuminate\Foundation\Application->handle(Object(Illuminate\Http\Request), 1, true)
#19 /home/dev/htdocs/renatas/vendor/laravel/framework/src/Illuminate/Cookie/Queue.php(47): Illuminate\Session\Middleware->handle(Object(Illuminate\Http\Request), 1, true)
#20 /home/dev/htdocs/renatas/vendor/laravel/framework/src/Illuminate/Cookie/Guard.php(51): Illuminate\Cookie\Queue->handle(Object(Illuminate\Http\Request), 1, true)
#21 /home/dev/htdocs/renatas/vendor/stack/builder/src/Stack/StackedHttpKernel.php(23): Illuminate\Cookie\Guard->handle(Object(Illuminate\Http\Request), 1, true)
#22 /home/dev/htdocs/renatas/vendor/laravel/framework/src/Illuminate/Foundation/Application.php(641): Stack\StackedHttpKernel->handle(Object(Illuminate\Http\Request))
#23 /home/dev/htdocs/renatas/public/index.php(49): Illuminate\Foundation\Application->run()
#24 {main}

Next exception 'ErrorException' with message 'Undefined variable: name (View: /home/dev/htdocs/renatas/app/views/internal/_partials/stats.blade.php) (View: /home/dev/htdocs/renatas/app/views/internal/_partials/stats.blade.php)' in /home/dev/htdocs/renatas/app/storage/views/299636a1fa9958dc6ba40c6925fa49c2:8
Stack trace:
#0 /home/dev/htdocs/renatas/vendor/laravel/framework/src/Illuminate/View/Engines/PhpEngine.php(41): Illuminate\View\Engines\CompilerEngine->handleViewException(Object(ErrorException), 1)
#1 /home/dev/htdocs/renatas/vendor/laravel/framework/src/Illuminate/View/Engines/CompilerEngine.php(56): Illuminate\View\Engines\PhpEngine->evaluatePath('/home/dev/htdoc...', Array)
#2 /home/dev/htdocs/renatas/vendor/laravel/framework/src/Illuminate/View/View.php(134): Illuminate\View\Engines\CompilerEngine->get('/home/dev/htdoc...', Array)
#3 /home/dev/htdocs/renatas/vendor/laravel/framework/src/Illuminate/View/View.php(102): Illuminate\View\View->getContents()
#4 /home/dev/htdocs/renatas/vendor/laravel/framework/src/Illuminate/View/View.php(76): Illuminate\View\View->renderContents()
#5 /home/dev/htdocs/renatas/vendor/laravel/framework/src/Illuminate/Http/Response.php(43): Illuminate\View\View->render()
#6 /home/dev/htdocs/renatas/vendor/symfony/http-foundation/Symfony/Component/HttpFoundation/Response.php(202): Illuminate\Http\Response->setContent(Object(Illuminate\View\View))
#7 /home/dev/htdocs/renatas/vendor/laravel/framework/src/Illuminate/Routing/Router.php(1496): Symfony\Component\HttpFoundation\Response->__construct(Object(Illuminate\View\View))
#8 /home/dev/htdocs/renatas/vendor/laravel/framework/src/Illuminate/Routing/Router.php(1031): Illuminate\Routing\Router->prepareResponse(Object(Illuminate\Http\Request), Object(Illuminate\View\View))
#9 /home/dev/htdocs/renatas/vendor/laravel/framework/src/Illuminate/Routing/Router.php(996): Illuminate\Routing\Router->dispatchToRoute(Object(Illuminate\Http\Request))
#10 /home/dev/htdocs/renatas/vendor/laravel/framework/src/Illuminate/Foundation/Application.php(775): Illuminate\Routing\Router->dispatch(Object(Illuminate\Http\Request))
#11 /home/dev/htdocs/renatas/vendor/laravel/framework/src/Illuminate/Foundation/Application.php(745): Illuminate\Foundation\Application->dispatch(Object(Illuminate\Http\Request))
#12 /home/dev/htdocs/renatas/vendor/laravel/framework/src/Illuminate/Session/Middleware.php(72): Illuminate\Foundation\Application->handle(Object(Illuminate\Http\Request), 1, true)
#13 /home/dev/htdocs/renatas/vendor/laravel/framework/src/Illuminate/Cookie/Queue.php(47): Illuminate\Session\Middleware->handle(Object(Illuminate\Http\Request), 1, true)
#14 /home/dev/htdocs/renatas/vendor/laravel/framework/src/Illuminate/Cookie/Guard.php(51): Illuminate\Cookie\Queue->handle(Object(Illuminate\Http\Request), 1, true)
#15 /home/dev/htdocs/renatas/vendor/stack/builder/src/Stack/StackedHttpKernel.php(23): Illuminate\Cookie\Guard->handle(Object(Illuminate\Http\Request), 1, true)
#16 /home/dev/htdocs/renatas/vendor/laravel/framework/src/Illuminate/Foundation/Application.php(641): Stack\StackedHttpKernel->handle(Object(Illuminate\Http\Request))
#17 /home/dev/htdocs/renatas/public/index.php(49): Illuminate\Foundation\Application->run()
#18 {main} [] []
[2014-12-17 18:24:11] production.ERROR: exception 'ErrorException' with message 'Undefined variable: name' in /home/dev/htdocs/renatas/app/storage/views/299636a1fa9958dc6ba40c6925fa49c2:8
Stack trace:
#0 /home/dev/htdocs/renatas/app/storage/views/299636a1fa9958dc6ba40c6925fa49c2(8): Illuminate\Exception\Handler->handleError(8, 'Undefined varia...', '/home/dev/htdoc...', 8, Array)
#1 /home/dev/htdocs/renatas/vendor/laravel/framework/src/Illuminate/View/Engines/PhpEngine.php(37): include('/home/dev/htdoc...')
#2 /home/dev/htdocs/renatas/vendor/laravel/framework/src/Illuminate/View/Engines/CompilerEngine.php(56): Illuminate\View\Engines\PhpEngine->evaluatePath('/home/dev/htdoc...', Array)
#3 /home/dev/htdocs/renatas/vendor/laravel/framework/src/Illuminate/View/View.php(134): Illuminate\View\Engines\CompilerEngine->get('/home/dev/htdoc...', Array)
#4 /home/dev/htdocs/renatas/vendor/laravel/framework/src/Illuminate/View/View.php(102): Illuminate\View\View->getContents()
#5 /home/dev/htdocs/renatas/vendor/laravel/framework/src/Illuminate/View/View.php(76): Illuminate\View\View->renderContents()
#6 /home/dev/htdocs/renatas/app/storage/views/c918afc25fac2eab446ec238e9a18c29(7): Illuminate\View\View->render()
#7 /home/dev/htdocs/renatas/vendor/laravel/framework/src/Illuminate/View/Engines/PhpEngine.php(37): include('/home/dev/htdoc...')
#8 /home/dev/htdocs/renatas/vendor/laravel/framework/src/Illuminate/View/Engines/CompilerEngine.php(56): Illuminate\View\Engines\PhpEngine->evaluatePath('/home/dev/htdoc...', Array)
#9 /home/dev/htdocs/renatas/vendor/laravel/framework/src/Illuminate/View/View.php(134): Illuminate\View\Engines\CompilerEngine->get('/home/dev/htdoc...', Array)
#10 /home/dev/htdocs/renatas/vendor/laravel/framework/src/Illuminate/View/View.php(102): Illuminate\View\View->getContents()
#11 /home/dev/htdocs/renatas/vendor/laravel/framework/src/Illuminate/View/View.php(76): Illuminate\View\View->renderContents()
#12 /home/dev/htdocs/renatas/vendor/laravel/framework/src/Illuminate/Http/Response.php(43): Illuminate\View\View->render()
#13 /home/dev/htdocs/renatas/vendor/symfony/http-foundation/Symfony/Component/HttpFoundation/Response.php(202): Illuminate\Http\Response->setContent(Object(Illuminate\View\View))
#14 /home/dev/htdocs/renatas/vendor/laravel/framework/src/Illuminate/Routing/Router.php(1496): Symfony\Component\HttpFoundation\Response->__construct(Object(Illuminate\View\View))
#15 /home/dev/htdocs/renatas/vendor/laravel/framework/src/Illuminate/Routing/Router.php(1031): Illuminate\Routing\Router->prepareResponse(Object(Illuminate\Http\Request), Object(Illuminate\View\View))
#16 /home/dev/htdocs/renatas/vendor/laravel/framework/src/Illuminate/Routing/Router.php(996): Illuminate\Routing\Router->dispatchToRoute(Object(Illuminate\Http\Request))
#17 /home/dev/htdocs/renatas/vendor/laravel/framework/src/Illuminate/Foundation/Application.php(775): Illuminate\Routing\Router->dispatch(Object(Illuminate\Http\Request))
#18 /home/dev/htdocs/renatas/vendor/laravel/framework/src/Illuminate/Foundation/Application.php(745): Illuminate\Foundation\Application->dispatch(Object(Illuminate\Http\Request))
#19 /home/dev/htdocs/renatas/vendor/laravel/framework/src/Illuminate/Session/Middleware.php(72): Illuminate\Foundation\Application->handle(Object(Illuminate\Http\Request), 1, true)
#20 /home/dev/htdocs/renatas/vendor/laravel/framework/src/Illuminate/Cookie/Queue.php(47): Illuminate\Session\Middleware->handle(Object(Illuminate\Http\Request), 1, true)
#21 /home/dev/htdocs/renatas/vendor/laravel/framework/src/Illuminate/Cookie/Guard.php(51): Illuminate\Cookie\Queue->handle(Object(Illuminate\Http\Request), 1, true)
#22 /home/dev/htdocs/renatas/vendor/stack/builder/src/Stack/StackedHttpKernel.php(23): Illuminate\Cookie\Guard->handle(Object(Illuminate\Http\Request), 1, true)
#23 /home/dev/htdocs/renatas/vendor/laravel/framework/src/Illuminate/Foundation/Application.php(641): Stack\StackedHttpKernel->handle(Object(Illuminate\Http\Request))
#24 /home/dev/htdocs/renatas/public/index.php(49): Illuminate\Foundation\Application->run()
#25 {main}

Next exception 'ErrorException' with message 'Undefined variable: name (View: /home/dev/htdocs/renatas/app/views/internal/_partials/stats.blade.php)' in /home/dev/htdocs/renatas/app/storage/views/299636a1fa9958dc6ba40c6925fa49c2:8
Stack trace:
#0 /home/dev/htdocs/renatas/vendor/laravel/framework/src/Illuminate/View/Engines/PhpEngine.php(41): Illuminate\View\Engines\CompilerEngine->handleViewException(Object(ErrorException), 1)
#1 /home/dev/htdocs/renatas/vendor/laravel/framework/src/Illuminate/View/Engines/CompilerEngine.php(56): Illuminate\View\Engines\PhpEngine->evaluatePath('/home/dev/htdoc...', Array)
#2 /home/dev/htdocs/renatas/vendor/laravel/framework/src/Illuminate/View/View.php(134): Illuminate\View\Engines\CompilerEngine->get('/home/dev/htdoc...', Array)
#3 /home/dev/htdocs/renatas/vendor/laravel/framework/src/Illuminate/View/View.php(102): Illuminate\View\View->getContents()
#4 /home/dev/htdocs/renatas/vendor/laravel/framework/src/Illuminate/View/View.php(76): Illuminate\View\View->renderContents()
#5 /home/dev/htdocs/renatas/app/storage/views/c918afc25fac2eab446ec238e9a18c29(7): Illuminate\View\View->render()
#6 /home/dev/htdocs/renatas/vendor/laravel/framework/src/Illuminate/View/Engines/PhpEngine.php(37): include('/home/dev/htdoc...')
#7 /home/dev/htdocs/renatas/vendor/laravel/framework/src/Illuminate/View/Engines/CompilerEngine.php(56): Illuminate\View\Engines\PhpEngine->evaluatePath('/home/dev/htdoc...', Array)
#8 /home/dev/htdocs/renatas/vendor/laravel/framework/src/Illuminate/View/View.php(134): Illuminate\View\Engines\CompilerEngine->get('/home/dev/htdoc...', Array)
#9 /home/dev/htdocs/renatas/vendor/laravel/framework/src/Illuminate/View/View.php(102): Illuminate\View\View->getContents()
#10 /home/dev/htdocs/renatas/vendor/laravel/framework/src/Illuminate/View/View.php(76): Illuminate\View\View->renderContents()
#11 /home/dev/htdocs/renatas/vendor/laravel/framework/src/Illuminate/Http/Response.php(43): Illuminate\View\View->render()
#12 /home/dev/htdocs/renatas/vendor/symfony/http-foundation/Symfony/Component/HttpFoundation/Response.php(202): Illuminate\Http\Response->setContent(Object(Illuminate\View\View))
#13 /home/dev/htdocs/renatas/vendor/laravel/framework/src/Illuminate/Routing/Router.php(1496): Symfony\Component\HttpFoundation\Response->__construct(Object(Illuminate\View\View))
#14 /home/dev/htdocs/renatas/vendor/laravel/framework/src/Illuminate/Routing/Router.php(1031): Illuminate\Routing\Router->prepareResponse(Object(Illuminate\Http\Request), Object(Illuminate\View\View))
#15 /home/dev/htdocs/renatas/vendor/laravel/framework/src/Illuminate/Routing/Router.php(996): Illuminate\Routing\Router->dispatchToRoute(Object(Illuminate\Http\Request))
#16 /home/dev/htdocs/renatas/vendor/laravel/framework/src/Illuminate/Foundation/Application.php(775): Illuminate\Routing\Router->dispatch(Object(Illuminate\Http\Request))
#17 /home/dev/htdocs/renatas/vendor/laravel/framework/src/Illuminate/Foundation/Application.php(745): Illuminate\Foundation\Application->dispatch(Object(Illuminate\Http\Request))
#18 /home/dev/htdocs/renatas/vendor/laravel/framework/src/Illuminate/Session/Middleware.php(72): Illuminate\Foundation\Application->handle(Object(Illuminate\Http\Request), 1, true)
#19 /home/dev/htdocs/renatas/vendor/laravel/framework/src/Illuminate/Cookie/Queue.php(47): Illuminate\Session\Middleware->handle(Object(Illuminate\Http\Request), 1, true)
#20 /home/dev/htdocs/renatas/vendor/laravel/framework/src/Illuminate/Cookie/Guard.php(51): Illuminate\Cookie\Queue->handle(Object(Illuminate\Http\Request), 1, true)
#21 /home/dev/htdocs/renatas/vendor/stack/builder/src/Stack/StackedHttpKernel.php(23): Illuminate\Cookie\Guard->handle(Object(Illuminate\Http\Request), 1, true)
#22 /home/dev/htdocs/renatas/vendor/laravel/framework/src/Illuminate/Foundation/Application.php(641): Stack\StackedHttpKernel->handle(Object(Illuminate\Http\Request))
#23 /home/dev/htdocs/renatas/public/index.php(49): Illuminate\Foundation\Application->run()
#24 {main}

Next exception 'ErrorException' with message 'Undefined variable: name (View: /home/dev/htdocs/renatas/app/views/internal/_partials/stats.blade.php) (View: /home/dev/htdocs/renatas/app/views/internal/_partials/stats.blade.php)' in /home/dev/htdocs/renatas/app/storage/views/299636a1fa9958dc6ba40c6925fa49c2:8
Stack trace:
#0 /home/dev/htdocs/renatas/vendor/laravel/framework/src/Illuminate/View/Engines/PhpEngine.php(41): Illuminate\View\Engines\CompilerEngine->handleViewException(Object(ErrorException), 1)
#1 /home/dev/htdocs/renatas/vendor/laravel/framework/src/Illuminate/View/Engines/CompilerEngine.php(56): Illuminate\View\Engines\PhpEngine->evaluatePath('/home/dev/htdoc...', Array)
#2 /home/dev/htdocs/renatas/vendor/laravel/framework/src/Illuminate/View/View.php(134): Illuminate\View\Engines\CompilerEngine->get('/home/dev/htdoc...', Array)
#3 /home/dev/htdocs/renatas/vendor/laravel/framework/src/Illuminate/View/View.php(102): Illuminate\View\View->getContents()
#4 /home/dev/htdocs/renatas/vendor/laravel/framework/src/Illuminate/View/View.php(76): Illuminate\View\View->renderContents()
#5 /home/dev/htdocs/renatas/vendor/laravel/framework/src/Illuminate/Http/Response.php(43): Illuminate\View\View->render()
#6 /home/dev/htdocs/renatas/vendor/symfony/http-foundation/Symfony/Component/HttpFoundation/Response.php(202): Illuminate\Http\Response->setContent(Object(Illuminate\View\View))
#7 /home/dev/htdocs/renatas/vendor/laravel/framework/src/Illuminate/Routing/Router.php(1496): Symfony\Component\HttpFoundation\Response->__construct(Object(Illuminate\View\View))
#8 /home/dev/htdocs/renatas/vendor/laravel/framework/src/Illuminate/Routing/Router.php(1031): Illuminate\Routing\Router->prepareResponse(Object(Illuminate\Http\Request), Object(Illuminate\View\View))
#9 /home/dev/htdocs/renatas/vendor/laravel/framework/src/Illuminate/Routing/Router.php(996): Illuminate\Routing\Router->dispatchToRoute(Object(Illuminate\Http\Request))
#10 /home/dev/htdocs/renatas/vendor/laravel/framework/src/Illuminate/Foundation/Application.php(775): Illuminate\Routing\Router->dispatch(Object(Illuminate\Http\Request))
#11 /home/dev/htdocs/renatas/vendor/laravel/framework/src/Illuminate/Foundation/Application.php(745): Illuminate\Foundation\Application->dispatch(Object(Illuminate\Http\Request))
#12 /home/dev/htdocs/renatas/vendor/laravel/framework/src/Illuminate/Session/Middleware.php(72): Illuminate\Foundation\Application->handle(Object(Illuminate\Http\Request), 1, true)
#13 /home/dev/htdocs/renatas/vendor/laravel/framework/src/Illuminate/Cookie/Queue.php(47): Illuminate\Session\Middleware->handle(Object(Illuminate\Http\Request), 1, true)
#14 /home/dev/htdocs/renatas/vendor/laravel/framework/src/Illuminate/Cookie/Guard.php(51): Illuminate\Cookie\Queue->handle(Object(Illuminate\Http\Request), 1, true)
#15 /home/dev/htdocs/renatas/vendor/stack/builder/src/Stack/StackedHttpKernel.php(23): Illuminate\Cookie\Guard->handle(Object(Illuminate\Http\Request), 1, true)
#16 /home/dev/htdocs/renatas/vendor/laravel/framework/src/Illuminate/Foundation/Application.php(641): Stack\StackedHttpKernel->handle(Object(Illuminate\Http\Request))
#17 /home/dev/htdocs/renatas/public/index.php(49): Illuminate\Foundation\Application->run()
#18 {main} [] []
[2014-12-17 18:43:14] production.ERROR: exception 'Symfony\Component\HttpKernel\Exception\NotFoundHttpException' in /home/dev/htdocs/renatas/vendor/laravel/framework/src/Illuminate/Routing/RouteCollection.php:148
Stack trace:
#0 /home/dev/htdocs/renatas/vendor/laravel/framework/src/Illuminate/Routing/Router.php(1049): Illuminate\Routing\RouteCollection->match(Object(Illuminate\Http\Request))
#1 /home/dev/htdocs/renatas/vendor/laravel/framework/src/Illuminate/Routing/Router.php(1017): Illuminate\Routing\Router->findRoute(Object(Illuminate\Http\Request))
#2 /home/dev/htdocs/renatas/vendor/laravel/framework/src/Illuminate/Routing/Router.php(996): Illuminate\Routing\Router->dispatchToRoute(Object(Illuminate\Http\Request))
#3 /home/dev/htdocs/renatas/vendor/laravel/framework/src/Illuminate/Foundation/Application.php(775): Illuminate\Routing\Router->dispatch(Object(Illuminate\Http\Request))
#4 /home/dev/htdocs/renatas/vendor/laravel/framework/src/Illuminate/Foundation/Application.php(745): Illuminate\Foundation\Application->dispatch(Object(Illuminate\Http\Request))
#5 /home/dev/htdocs/renatas/vendor/laravel/framework/src/Illuminate/Session/Middleware.php(72): Illuminate\Foundation\Application->handle(Object(Illuminate\Http\Request), 1, true)
#6 /home/dev/htdocs/renatas/vendor/laravel/framework/src/Illuminate/Cookie/Queue.php(47): Illuminate\Session\Middleware->handle(Object(Illuminate\Http\Request), 1, true)
#7 /home/dev/htdocs/renatas/vendor/laravel/framework/src/Illuminate/Cookie/Guard.php(51): Illuminate\Cookie\Queue->handle(Object(Illuminate\Http\Request), 1, true)
#8 /home/dev/htdocs/renatas/vendor/stack/builder/src/Stack/StackedHttpKernel.php(23): Illuminate\Cookie\Guard->handle(Object(Illuminate\Http\Request), 1, true)
#9 /home/dev/htdocs/renatas/vendor/laravel/framework/src/Illuminate/Foundation/Application.php(641): Stack\StackedHttpKernel->handle(Object(Illuminate\Http\Request))
#10 /home/dev/htdocs/renatas/public/index.php(49): Illuminate\Foundation\Application->run()
#11 {main} [] []
